[29-Apr-2024 10:11:42 UTC] PHP Parse error:  syntax error, unexpected '<', expecting end of file in /opt/lampp/htdocs/wordpress_plugin_task/wp-content/plugins/my-plugin/my-plugin.php on line 32
[29-Apr-2024 10:11:42 UTC] PHP Parse error:  syntax error, unexpected '<', expecting end of file in /opt/lampp/htdocs/wordpress_plugin_task/wp-content/plugins/my-plugin/my-plugin.php on line 32
[29-Apr-2024 10:11:42 UTC] PHP Notice:  Function is_embed was called incorrectly. Conditional query tags do not work before the query is run. Before then, they always return false. Please see <a>Debugging in WordPress</a> for more information. (This message was added in version 3.1.0.) in /opt/lampp/htdocs/wordpress_plugin_task/wp-includes/functions.php on line 6078
[29-Apr-2024 10:11:42 UTC] PHP Notice:  Function is_search was called incorrectly. Conditional query tags do not work before the query is run. Before then, they always return false. Please see <a>Debugging in WordPress</a> for more information. (This message was added in version 3.1.0.) in /opt/lampp/htdocs/wordpress_plugin_task/wp-includes/functions.php on line 6078
[29-Apr-2024 10:50:25 UTC] PHP Parse error:  syntax error, unexpected '<' in /opt/lampp/htdocs/wordpress_plugin_task/wp-content/plugins/my-plugin/my-plugin.php on line 58
[29-Apr-2024 10:50:25 UTC] PHP Parse error:  syntax error, unexpected '<' in /opt/lampp/htdocs/wordpress_plugin_task/wp-content/plugins/my-plugin/my-plugin.php on line 58
[29-Apr-2024 10:50:25 UTC] PHP Notice:  Function is_embed was called incorrectly. Conditional query tags do not work before the query is run. Before then, they always return false. Please see <a>Debugging in WordPress</a> for more information. (This message was added in version 3.1.0.) in /opt/lampp/htdocs/wordpress_plugin_task/wp-includes/functions.php on line 6078
[29-Apr-2024 10:50:25 UTC] PHP Notice:  Function is_search was called incorrectly. Conditional query tags do not work before the query is run. Before then, they always return false. Please see <a>Debugging in WordPress</a> for more information. (This message was added in version 3.1.0.) in /opt/lampp/htdocs/wordpress_plugin_task/wp-includes/functions.php on line 6078
[29-Apr-2024 10:50:41 UTC] PHP Parse error:  syntax error, unexpected '<', expecting end of file in /opt/lampp/htdocs/wordpress_plugin_task/wp-content/plugins/my-plugin/my-plugin.php on line 60
[29-Apr-2024 10:50:41 UTC] PHP Notice:  Function is_embed was called incorrectly. Conditional query tags do not work before the query is run. Before then, they always return false. Please see <a>Debugging in WordPress</a> for more information. (This message was added in version 3.1.0.) in /opt/lampp/htdocs/wordpress_plugin_task/wp-includes/functions.php on line 6078
[29-Apr-2024 10:50:41 UTC] PHP Notice:  Function is_search was called incorrectly. Conditional query tags do not work before the query is run. Before then, they always return false. Please see <a>Debugging in WordPress</a> for more information. (This message was added in version 3.1.0.) in /opt/lampp/htdocs/wordpress_plugin_task/wp-includes/functions.php on line 6078
[29-Apr-2024 10:50:54 UTC] PHP Parse error:  syntax error, unexpected '<', expecting end of file in /opt/lampp/htdocs/wordpress_plugin_task/wp-content/plugins/my-plugin/my-plugin.php on line 60
[29-Apr-2024 10:50:54 UTC] PHP Notice:  Function is_embed was called incorrectly. Conditional query tags do not work before the query is run. Before then, they always return false. Please see <a>Debugging in WordPress</a> for more information. (This message was added in version 3.1.0.) in /opt/lampp/htdocs/wordpress_plugin_task/wp-includes/functions.php on line 6078
[29-Apr-2024 10:50:54 UTC] PHP Notice:  Function is_search was called incorrectly. Conditional query tags do not work before the query is run. Before then, they always return false. Please see <a>Debugging in WordPress</a> for more information. (This message was added in version 3.1.0.) in /opt/lampp/htdocs/wordpress_plugin_task/wp-includes/functions.php on line 6078
[29-Apr-2024 10:50:55 UTC] PHP Parse error:  syntax error, unexpected '<', expecting end of file in /opt/lampp/htdocs/wordpress_plugin_task/wp-content/plugins/my-plugin/my-plugin.php on line 60
[29-Apr-2024 10:50:55 UTC] PHP Notice:  Function is_embed was called incorrectly. Conditional query tags do not work before the query is run. Before then, they always return false. Please see <a>Debugging in WordPress</a> for more information. (This message was added in version 3.1.0.) in /opt/lampp/htdocs/wordpress_plugin_task/wp-includes/functions.php on line 6078
[29-Apr-2024 10:50:55 UTC] PHP Notice:  Function is_search was called incorrectly. Conditional query tags do not work before the query is run. Before then, they always return false. Please see <a>Debugging in WordPress</a> for more information. (This message was added in version 3.1.0.) in /opt/lampp/htdocs/wordpress_plugin_task/wp-includes/functions.php on line 6078
[29-Apr-2024 10:50:55 UTC] PHP Parse error:  syntax error, unexpected '<', expecting end of file in /opt/lampp/htdocs/wordpress_plugin_task/wp-content/plugins/my-plugin/my-plugin.php on line 60
[29-Apr-2024 10:50:55 UTC] PHP Notice:  Function is_embed was called incorrectly. Conditional query tags do not work before the query is run. Before then, they always return false. Please see <a>Debugging in WordPress</a> for more information. (This message was added in version 3.1.0.) in /opt/lampp/htdocs/wordpress_plugin_task/wp-includes/functions.php on line 6078
[29-Apr-2024 10:50:55 UTC] PHP Notice:  Function is_search was called incorrectly. Conditional query tags do not work before the query is run. Before then, they always return false. Please see <a>Debugging in WordPress</a> for more information. (This message was added in version 3.1.0.) in /opt/lampp/htdocs/wordpress_plugin_task/wp-includes/functions.php on line 6078
[29-Apr-2024 10:50:55 UTC] PHP Parse error:  syntax error, unexpected '<', expecting end of file in /opt/lampp/htdocs/wordpress_plugin_task/wp-content/plugins/my-plugin/my-plugin.php on line 60
[29-Apr-2024 10:50:55 UTC] PHP Notice:  Function is_embed was called incorrectly. Conditional query tags do not work before the query is run. Before then, they always return false. Please see <a>Debugging in WordPress</a> for more information. (This message was added in version 3.1.0.) in /opt/lampp/htdocs/wordpress_plugin_task/wp-includes/functions.php on line 6078
[29-Apr-2024 10:50:55 UTC] PHP Notice:  Function is_search was called incorrectly. Conditional query tags do not work before the query is run. Before then, they always return false. Please see <a>Debugging in WordPress</a> for more information. (This message was added in version 3.1.0.) in /opt/lampp/htdocs/wordpress_plugin_task/wp-includes/functions.php on line 6078
[29-Apr-2024 10:50:57 UTC] PHP Parse error:  syntax error, unexpected '<', expecting end of file in /opt/lampp/htdocs/wordpress_plugin_task/wp-content/plugins/my-plugin/my-plugin.php on line 60
[29-Apr-2024 10:50:57 UTC] PHP Notice:  Function is_embed was called incorrectly. Conditional query tags do not work before the query is run. Before then, they always return false. Please see <a>Debugging in WordPress</a> for more information. (This message was added in version 3.1.0.) in /opt/lampp/htdocs/wordpress_plugin_task/wp-includes/functions.php on line 6078
[29-Apr-2024 10:50:57 UTC] PHP Notice:  Function is_search was called incorrectly. Conditional query tags do not work before the query is run. Before then, they always return false. Please see <a>Debugging in WordPress</a> for more information. (This message was added in version 3.1.0.) in /opt/lampp/htdocs/wordpress_plugin_task/wp-includes/functions.php on line 6078
[29-Apr-2024 11:08:06 UTC] PHP Notice:  Undefined property: stdClass::$choices in /opt/lampp/htdocs/wordpress_plugin_task/wp-content/plugins/my-plugin/my-plugin.php on line 59
[29-Apr-2024 11:08:06 UTC] PHP Notice:  Trying to get property 'text' of non-object in /opt/lampp/htdocs/wordpress_plugin_task/wp-content/plugins/my-plugin/my-plugin.php on line 59
[29-Apr-2024 11:08:09 UTC] PHP Notice:  Undefined property: stdClass::$choices in /opt/lampp/htdocs/wordpress_plugin_task/wp-content/plugins/my-plugin/my-plugin.php on line 59
[29-Apr-2024 11:08:09 UTC] PHP Notice:  Trying to get property 'text' of non-object in /opt/lampp/htdocs/wordpress_plugin_task/wp-content/plugins/my-plugin/my-plugin.php on line 59
[29-Apr-2024 11:08:12 UTC] PHP Notice:  Undefined property: stdClass::$choices in /opt/lampp/htdocs/wordpress_plugin_task/wp-content/plugins/my-plugin/my-plugin.php on line 59
[29-Apr-2024 11:08:12 UTC] PHP Notice:  Trying to get property 'text' of non-object in /opt/lampp/htdocs/wordpress_plugin_task/wp-content/plugins/my-plugin/my-plugin.php on line 59
[29-Apr-2024 11:08:13 UTC] PHP Notice:  Undefined property: stdClass::$choices in /opt/lampp/htdocs/wordpress_plugin_task/wp-content/plugins/my-plugin/my-plugin.php on line 59
[29-Apr-2024 11:08:13 UTC] PHP Notice:  Trying to get property 'text' of non-object in /opt/lampp/htdocs/wordpress_plugin_task/wp-content/plugins/my-plugin/my-plugin.php on line 59
[29-Apr-2024 11:08:13 UTC] PHP Notice:  Undefined property: stdClass::$choices in /opt/lampp/htdocs/wordpress_plugin_task/wp-content/plugins/my-plugin/my-plugin.php on line 59
[29-Apr-2024 11:08:13 UTC] PHP Notice:  Trying to get property 'text' of non-object in /opt/lampp/htdocs/wordpress_plugin_task/wp-content/plugins/my-plugin/my-plugin.php on line 59
[29-Apr-2024 11:08:13 UTC] PHP Notice:  Undefined property: stdClass::$choices in /opt/lampp/htdocs/wordpress_plugin_task/wp-content/plugins/my-plugin/my-plugin.php on line 59
[29-Apr-2024 11:08:13 UTC] PHP Notice:  Trying to get property 'text' of non-object in /opt/lampp/htdocs/wordpress_plugin_task/wp-content/plugins/my-plugin/my-plugin.php on line 59
[29-Apr-2024 11:08:15 UTC] PHP Notice:  Undefined property: stdClass::$choices in /opt/lampp/htdocs/wordpress_plugin_task/wp-content/plugins/my-plugin/my-plugin.php on line 59
[29-Apr-2024 11:08:15 UTC] PHP Notice:  Trying to get property 'text' of non-object in /opt/lampp/htdocs/wordpress_plugin_task/wp-content/plugins/my-plugin/my-plugin.php on line 59
[29-Apr-2024 11:08:17 UTC] PHP Notice:  Undefined property: stdClass::$choices in /opt/lampp/htdocs/wordpress_plugin_task/wp-content/plugins/my-plugin/my-plugin.php on line 59
[29-Apr-2024 11:08:17 UTC] PHP Notice:  Trying to get property 'text' of non-object in /opt/lampp/htdocs/wordpress_plugin_task/wp-content/plugins/my-plugin/my-plugin.php on line 59
[29-Apr-2024 11:08:19 UTC] PHP Notice:  Undefined property: stdClass::$choices in /opt/lampp/htdocs/wordpress_plugin_task/wp-content/plugins/my-plugin/my-plugin.php on line 59
[29-Apr-2024 11:08:19 UTC] PHP Notice:  Trying to get property 'text' of non-object in /opt/lampp/htdocs/wordpress_plugin_task/wp-content/plugins/my-plugin/my-plugin.php on line 59
[29-Apr-2024 11:08:19 UTC] PHP Notice:  Undefined property: stdClass::$choices in /opt/lampp/htdocs/wordpress_plugin_task/wp-content/plugins/my-plugin/my-plugin.php on line 59
[29-Apr-2024 11:08:19 UTC] PHP Notice:  Trying to get property 'text' of non-object in /opt/lampp/htdocs/wordpress_plugin_task/wp-content/plugins/my-plugin/my-plugin.php on line 59
[29-Apr-2024 11:08:19 UTC] PHP Notice:  Undefined property: stdClass::$choices in /opt/lampp/htdocs/wordpress_plugin_task/wp-content/plugins/my-plugin/my-plugin.php on line 59
[29-Apr-2024 11:08:19 UTC] PHP Notice:  Trying to get property 'text' of non-object in /opt/lampp/htdocs/wordpress_plugin_task/wp-content/plugins/my-plugin/my-plugin.php on line 59
[29-Apr-2024 11:08:20 UTC] PHP Notice:  Undefined property: stdClass::$choices in /opt/lampp/htdocs/wordpress_plugin_task/wp-content/plugins/my-plugin/my-plugin.php on line 59
[29-Apr-2024 11:08:20 UTC] PHP Notice:  Trying to get property 'text' of non-object in /opt/lampp/htdocs/wordpress_plugin_task/wp-content/plugins/my-plugin/my-plugin.php on line 59
[29-Apr-2024 11:08:21 UTC] PHP Notice:  Undefined property: stdClass::$choices in /opt/lampp/htdocs/wordpress_plugin_task/wp-content/plugins/my-plugin/my-plugin.php on line 59
[29-Apr-2024 11:08:21 UTC] PHP Notice:  Trying to get property 'text' of non-object in /opt/lampp/htdocs/wordpress_plugin_task/wp-content/plugins/my-plugin/my-plugin.php on line 59
[29-Apr-2024 11:08:21 UTC] PHP Notice:  Undefined property: stdClass::$choices in /opt/lampp/htdocs/wordpress_plugin_task/wp-content/plugins/my-plugin/my-plugin.php on line 59
[29-Apr-2024 11:08:21 UTC] PHP Notice:  Trying to get property 'text' of non-object in /opt/lampp/htdocs/wordpress_plugin_task/wp-content/plugins/my-plugin/my-plugin.php on line 59
[29-Apr-2024 11:08:21 UTC] PHP Notice:  Undefined property: stdClass::$choices in /opt/lampp/htdocs/wordpress_plugin_task/wp-content/plugins/my-plugin/my-plugin.php on line 59
[29-Apr-2024 11:08:21 UTC] PHP Notice:  Trying to get property 'text' of non-object in /opt/lampp/htdocs/wordpress_plugin_task/wp-content/plugins/my-plugin/my-plugin.php on line 59
[29-Apr-2024 11:08:22 UTC] PHP Notice:  Undefined property: stdClass::$choices in /opt/lampp/htdocs/wordpress_plugin_task/wp-content/plugins/my-plugin/my-plugin.php on line 59
[29-Apr-2024 11:08:22 UTC] PHP Notice:  Trying to get property 'text' of non-object in /opt/lampp/htdocs/wordpress_plugin_task/wp-content/plugins/my-plugin/my-plugin.php on line 59
[29-Apr-2024 11:08:22 UTC] PHP Notice:  Undefined property: stdClass::$choices in /opt/lampp/htdocs/wordpress_plugin_task/wp-content/plugins/my-plugin/my-plugin.php on line 59
[29-Apr-2024 11:08:22 UTC] PHP Notice:  Trying to get property 'text' of non-object in /opt/lampp/htdocs/wordpress_plugin_task/wp-content/plugins/my-plugin/my-plugin.php on line 59
[29-Apr-2024 11:08:23 UTC] PHP Notice:  Undefined property: stdClass::$choices in /opt/lampp/htdocs/wordpress_plugin_task/wp-content/plugins/my-plugin/my-plugin.php on line 59
[29-Apr-2024 11:08:23 UTC] PHP Notice:  Trying to get property 'text' of non-object in /opt/lampp/htdocs/wordpress_plugin_task/wp-content/plugins/my-plugin/my-plugin.php on line 59
[29-Apr-2024 11:08:24 UTC] PHP Notice:  Undefined property: stdClass::$choices in /opt/lampp/htdocs/wordpress_plugin_task/wp-content/plugins/my-plugin/my-plugin.php on line 59
[29-Apr-2024 11:08:24 UTC] PHP Notice:  Trying to get property 'text' of non-object in /opt/lampp/htdocs/wordpress_plugin_task/wp-content/plugins/my-plugin/my-plugin.php on line 59
[29-Apr-2024 11:08:26 UTC] PHP Notice:  Undefined property: stdClass::$choices in /opt/lampp/htdocs/wordpress_plugin_task/wp-content/plugins/my-plugin/my-plugin.php on line 59
[29-Apr-2024 11:08:26 UTC] PHP Notice:  Trying to get property 'text' of non-object in /opt/lampp/htdocs/wordpress_plugin_task/wp-content/plugins/my-plugin/my-plugin.php on line 59
[29-Apr-2024 11:08:28 UTC] PHP Notice:  Undefined property: stdClass::$choices in /opt/lampp/htdocs/wordpress_plugin_task/wp-content/plugins/my-plugin/my-plugin.php on line 59
[29-Apr-2024 11:08:28 UTC] PHP Notice:  Trying to get property 'text' of non-object in /opt/lampp/htdocs/wordpress_plugin_task/wp-content/plugins/my-plugin/my-plugin.php on line 59
[29-Apr-2024 11:09:49 UTC] PHP Notice:  Undefined property: stdClass::$choices in /opt/lampp/htdocs/wordpress_plugin_task/wp-content/plugins/my-plugin/my-plugin.php on line 59
[29-Apr-2024 11:09:49 UTC] PHP Notice:  Trying to get property 'text' of non-object in /opt/lampp/htdocs/wordpress_plugin_task/wp-content/plugins/my-plugin/my-plugin.php on line 59
[29-Apr-2024 11:10:38 UTC] PHP Notice:  Undefined property: stdClass::$choices in /opt/lampp/htdocs/wordpress_plugin_task/wp-content/plugins/my-plugin/my-plugin.php on line 59
[29-Apr-2024 11:10:38 UTC] PHP Notice:  Trying to get property 'text' of non-object in /opt/lampp/htdocs/wordpress_plugin_task/wp-content/plugins/my-plugin/my-plugin.php on line 59
[29-Apr-2024 11:10:39 UTC] PHP Notice:  Undefined property: stdClass::$choices in /opt/lampp/htdocs/wordpress_plugin_task/wp-content/plugins/my-plugin/my-plugin.php on line 59
[29-Apr-2024 11:10:39 UTC] PHP Notice:  Trying to get property 'text' of non-object in /opt/lampp/htdocs/wordpress_plugin_task/wp-content/plugins/my-plugin/my-plugin.php on line 59
[29-Apr-2024 11:10:40 UTC] PHP Notice:  Undefined property: stdClass::$choices in /opt/lampp/htdocs/wordpress_plugin_task/wp-content/plugins/my-plugin/my-plugin.php on line 59
[29-Apr-2024 11:10:40 UTC] PHP Notice:  Trying to get property 'text' of non-object in /opt/lampp/htdocs/wordpress_plugin_task/wp-content/plugins/my-plugin/my-plugin.php on line 59
[29-Apr-2024 11:10:40 UTC] PHP Notice:  Undefined property: stdClass::$choices in /opt/lampp/htdocs/wordpress_plugin_task/wp-content/plugins/my-plugin/my-plugin.php on line 59
[29-Apr-2024 11:10:40 UTC] PHP Notice:  Trying to get property 'text' of non-object in /opt/lampp/htdocs/wordpress_plugin_task/wp-content/plugins/my-plugin/my-plugin.php on line 59
[29-Apr-2024 11:10:40 UTC] PHP Notice:  Undefined property: stdClass::$choices in /opt/lampp/htdocs/wordpress_plugin_task/wp-content/plugins/my-plugin/my-plugin.php on line 59
[29-Apr-2024 11:10:40 UTC] PHP Notice:  Trying to get property 'text' of non-object in /opt/lampp/htdocs/wordpress_plugin_task/wp-content/plugins/my-plugin/my-plugin.php on line 59
[29-Apr-2024 11:10:41 UTC] PHP Notice:  Undefined property: stdClass::$choices in /opt/lampp/htdocs/wordpress_plugin_task/wp-content/plugins/my-plugin/my-plugin.php on line 59
[29-Apr-2024 11:10:41 UTC] PHP Notice:  Trying to get property 'text' of non-object in /opt/lampp/htdocs/wordpress_plugin_task/wp-content/plugins/my-plugin/my-plugin.php on line 59
[29-Apr-2024 11:10:41 UTC] PHP Notice:  Undefined property: stdClass::$choices in /opt/lampp/htdocs/wordpress_plugin_task/wp-content/plugins/my-plugin/my-plugin.php on line 59
[29-Apr-2024 11:10:41 UTC] PHP Notice:  Trying to get property 'text' of non-object in /opt/lampp/htdocs/wordpress_plugin_task/wp-content/plugins/my-plugin/my-plugin.php on line 59
[29-Apr-2024 11:10:43 UTC] PHP Notice:  Undefined property: stdClass::$choices in /opt/lampp/htdocs/wordpress_plugin_task/wp-content/plugins/my-plugin/my-plugin.php on line 59
[29-Apr-2024 11:10:43 UTC] PHP Notice:  Trying to get property 'text' of non-object in /opt/lampp/htdocs/wordpress_plugin_task/wp-content/plugins/my-plugin/my-plugin.php on line 59
[29-Apr-2024 11:44:31 UTC] PHP Fatal error:  Composer detected issues in your platform: Your Composer dependencies require a PHP version ">= 7.4.0". You are running 7.3.6. in /opt/lampp/htdocs/wordpress_plugin_task/wp-content/plugins/ai-content-generator/vendor/composer/platform_check.php on line 24
[29-Apr-2024 11:44:46 UTC] PHP Fatal error:  Composer detected issues in your platform: Your Composer dependencies require a PHP version ">= 7.4.0". You are running 7.3.6. in /opt/lampp/htdocs/wordpress_plugin_task/wp-content/plugins/ai-content-generator/vendor/composer/platform_check.php on line 24
[29-Apr-2024 11:45:11 UTC] PHP Fatal error:  Composer detected issues in your platform: Your Composer dependencies require a PHP version ">= 7.4.0". You are running 7.3.6. in /opt/lampp/htdocs/wordpress_plugin_task/wp-content/plugins/ai-content-generator/vendor/composer/platform_check.php on line 24
[29-Apr-2024 11:48:26 UTC] PHP Fatal error:  Composer detected issues in your platform: Your Composer dependencies require a PHP version ">= 7.4.0". You are running 7.3.6. in /opt/lampp/htdocs/wordpress_plugin_task/wp-content/plugins/ai-content-generator/vendor/composer/platform_check.php on line 24
[30-Apr-2024 05:41:48 UTC] PHP Warning:  call_user_func_array() expects parameter 1 to be a valid callback, function 'plugin_page_func' not found or invalid function name in /opt/lampp/htdocs/wordpress_plugin_task/wp-includes/class-wp-hook.php on line 324
[30-Apr-2024 05:41:49 UTC] PHP Warning:  call_user_func_array() expects parameter 1 to be a valid callback, function 'plugin_page_func' not found or invalid function name in /opt/lampp/htdocs/wordpress_plugin_task/wp-includes/class-wp-hook.php on line 324
[30-Apr-2024 05:41:52 UTC] PHP Warning:  call_user_func_array() expects parameter 1 to be a valid callback, function 'plugin_page_func' not found or invalid function name in /opt/lampp/htdocs/wordpress_plugin_task/wp-includes/class-wp-hook.php on line 324
[30-Apr-2024 05:45:16 UTC] PHP Warning:  call_user_func_array() expects parameter 1 to be a valid callback, function 'plugin_page_func' not found or invalid function name in /opt/lampp/htdocs/wordpress_plugin_task/wp-includes/class-wp-hook.php on line 324
[30-Apr-2024 05:45:18 UTC] PHP Warning:  call_user_func_array() expects parameter 1 to be a valid callback, function 'plugin_page_func' not found or invalid function name in /opt/lampp/htdocs/wordpress_plugin_task/wp-includes/class-wp-hook.php on line 324
[30-Apr-2024 05:45:20 UTC] PHP Warning:  call_user_func_array() expects parameter 1 to be a valid callback, function 'plugin_page_func' not found or invalid function name in /opt/lampp/htdocs/wordpress_plugin_task/wp-includes/class-wp-hook.php on line 324
[30-Apr-2024 05:47:53 UTC] PHP Warning:  call_user_func_array() expects parameter 1 to be a valid callback, function 'plugin_page_func' not found or invalid function name in /opt/lampp/htdocs/wordpress_plugin_task/wp-includes/class-wp-hook.php on line 324
[30-Apr-2024 06:19:47 UTC] WordPress database error Table 'wordpress_plugin_task.wp_my_plugin_data' doesn't exist for query SELECT data FROM wp_my_plugin_data made by do_action('toplevel_page_my-plugin-page'), WP_Hook->do_action, WP_Hook->apply_filters, plugin_page_func
[30-Apr-2024 06:19:49 UTC] WordPress database error Table 'wordpress_plugin_task.wp_my_plugin_data' doesn't exist for query SELECT data FROM wp_my_plugin_data made by do_action('toplevel_page_my-plugin-page'), WP_Hook->do_action, WP_Hook->apply_filters, plugin_page_func
[30-Apr-2024 06:19:51 UTC] WordPress database error Table 'wordpress_plugin_task.wp_my_plugin_data' doesn't exist for query SELECT data FROM wp_my_plugin_data made by do_action('toplevel_page_my-plugin-page'), WP_Hook->do_action, WP_Hook->apply_filters, plugin_page_func
[30-Apr-2024 06:19:56 UTC] WordPress database error Table 'wordpress_plugin_task.wp_my_plugin_data' doesn't exist for query SELECT data FROM wp_my_plugin_data made by do_action('toplevel_page_my-plugin-page'), WP_Hook->do_action, WP_Hook->apply_filters, plugin_page_func
[30-Apr-2024 06:19:59 UTC] WordPress database error Table 'wordpress_plugin_task.wp_my_plugin_data' doesn't exist for query SHOW FULL COLUMNS FROM `wp_my_plugin_data` made by do_action('toplevel_page_my-plugin-page'), WP_Hook->do_action, WP_Hook->apply_filters, plugin_page_func
[30-Apr-2024 06:19:59 UTC] WordPress database error Table 'wordpress_plugin_task.wp_my_plugin_data' doesn't exist for query SELECT data FROM wp_my_plugin_data made by do_action('toplevel_page_my-plugin-page'), WP_Hook->do_action, WP_Hook->apply_filters, plugin_page_func
[30-Apr-2024 06:32:09 UTC] PHP Warning:  call_user_func_array() expects parameter 1 to be a valid callback, function 'plugin_page_func' not found or invalid function name in /opt/lampp/htdocs/wordpress_plugin_task/wp-includes/class-wp-hook.php on line 324
[30-Apr-2024 06:46:00 UTC] WordPress database error Table 'wordpress_plugin_task.wp_custom_data' doesn't exist for query SELECT custom_data FROM wp_custom_data made by do_action('toplevel_page_custom-page-slug'), WP_Hook->do_action, WP_Hook->apply_filters, custom_page_content
[30-Apr-2024 06:46:04 UTC] WordPress database error Table 'wordpress_plugin_task.wp_custom_data' doesn't exist for query SHOW FULL COLUMNS FROM `wp_custom_data` made by do_action('toplevel_page_custom-page-slug'), WP_Hook->do_action, WP_Hook->apply_filters, custom_page_content
[30-Apr-2024 06:46:04 UTC] WordPress database error Table 'wordpress_plugin_task.wp_custom_data' doesn't exist for query SELECT custom_data FROM wp_custom_data made by do_action('toplevel_page_custom-page-slug'), WP_Hook->do_action, WP_Hook->apply_filters, custom_page_content
[30-Apr-2024 06:47:58 UTC] WordPress database error Table 'wordpress_plugin_task.wp_wp_options' doesn't exist for query SELECT custom_data FROM wp_wp_options made by do_action('toplevel_page_custom-page-slug'), WP_Hook->do_action, WP_Hook->apply_filters, custom_page_content
[30-Apr-2024 06:48:01 UTC] WordPress database error Table 'wordpress_plugin_task.wp_wp_options' doesn't exist for query SHOW FULL COLUMNS FROM `wp_wp_options` made by do_action('toplevel_page_custom-page-slug'), WP_Hook->do_action, WP_Hook->apply_filters, custom_page_content
[30-Apr-2024 06:48:01 UTC] WordPress database error Table 'wordpress_plugin_task.wp_wp_options' doesn't exist for query SELECT custom_data FROM wp_wp_options made by do_action('toplevel_page_custom-page-slug'), WP_Hook->do_action, WP_Hook->apply_filters, custom_page_content
[30-Apr-2024 06:49:27 UTC] WordPress database error Table 'wordpress_plugin_task.wp_custom_data' doesn't exist for query SELECT custom_data FROM wp_custom_data made by do_action('toplevel_page_custom-page-slug'), WP_Hook->do_action, WP_Hook->apply_filters, custom_page_content
[30-Apr-2024 06:49:29 UTC] WordPress database error Table 'wordpress_plugin_task.wp_custom_data' doesn't exist for query SHOW FULL COLUMNS FROM `wp_custom_data` made by do_action('toplevel_page_custom-page-slug'), WP_Hook->do_action, WP_Hook->apply_filters, custom_page_content
[30-Apr-2024 06:49:29 UTC] WordPress database error Table 'wordpress_plugin_task.wp_custom_data' doesn't exist for query SELECT custom_data FROM wp_custom_data made by do_action('toplevel_page_custom-page-slug'), WP_Hook->do_action, WP_Hook->apply_filters, custom_page_content
[30-Apr-2024 06:54:01 UTC] WordPress database error Table 'wordpress_plugin_task.wp_custom_data' doesn't exist for query SHOW FULL COLUMNS FROM `wp_custom_data` made by do_action('admin_init'), WP_Hook->do_action, WP_Hook->apply_filters, save_custom_data
[30-Apr-2024 06:54:03 UTC] WordPress database error Table 'wordpress_plugin_task.wp_custom_data' doesn't exist for query SHOW FULL COLUMNS FROM `wp_custom_data` made by do_action('admin_init'), WP_Hook->do_action, WP_Hook->apply_filters, save_custom_data
[03-May-2024 04:17:25 UTC] PHP Deprecated:  Function wp_update_https_detection_errors is deprecated since version 6.4.0 with no alternative available. in /opt/lampp/htdocs/wordpress_plugin_task/wp-includes/functions.php on line 6078
[03-May-2024 04:43:23 UTC] PHP Warning:  call_user_func_array() expects parameter 1 to be a valid callback, function 'my_settings_page' not found or invalid function name in /opt/lampp/htdocs/wordpress_plugin_task/wp-includes/class-wp-hook.php on line 324
[03-May-2024 04:56:35 UTC] PHP Warning:  call_user_func_array() expects parameter 1 to be a valid callback, function 'my_settings_submenu' not found or invalid function name in /opt/lampp/htdocs/wordpress_plugin_task/wp-includes/class-wp-hook.php on line 324
[03-May-2024 04:57:31 UTC] PHP Warning:  call_user_func_array() expects parameter 1 to be a valid callback, function 'menu_setting_submenu' not found or invalid function name in /opt/lampp/htdocs/wordpress_plugin_task/wp-includes/class-wp-hook.php on line 324
[03-May-2024 04:57:43 UTC] PHP Warning:  call_user_func_array() expects parameter 1 to be a valid callback, function 'menu_setting_submenu' not found or invalid function name in /opt/lampp/htdocs/wordpress_plugin_task/wp-includes/class-wp-hook.php on line 324
[03-May-2024 05:12:59 UTC] PHP Warning:  call_user_func_array() expects parameter 1 to be a valid callback, function 'my_setting' not found or invalid function name in /opt/lampp/htdocs/wordpress_plugin_task/wp-includes/class-wp-hook.php on line 324
[03-May-2024 05:13:33 UTC] PHP Warning:  call_user_func_array() expects parameter 1 to be a valid callback, function 'my_setting' not found or invalid function name in /opt/lampp/htdocs/wordpress_plugin_task/wp-includes/class-wp-hook.php on line 324
[03-May-2024 05:17:23 UTC] PHP Warning:  call_user_func_array() expects parameter 1 to be a valid callback, function 'my_setting' not found or invalid function name in /opt/lampp/htdocs/wordpress_plugin_task/wp-includes/class-wp-hook.php on line 324
[03-May-2024 05:17:27 UTC] PHP Warning:  call_user_func_array() expects parameter 1 to be a valid callback, function 'my_setting' not found or invalid function name in /opt/lampp/htdocs/wordpress_plugin_task/wp-includes/class-wp-hook.php on line 324
[03-May-2024 05:19:02 UTC] PHP Warning:  call_user_func_array() expects parameter 1 to be a valid callback, function 'my_setting' not found or invalid function name in /opt/lampp/htdocs/wordpress_plugin_task/wp-includes/class-wp-hook.php on line 324
[03-May-2024 05:19:28 UTC] PHP Warning:  call_user_func_array() expects parameter 1 to be a valid callback, function 'my_setting' not found or invalid function name in /opt/lampp/htdocs/wordpress_plugin_task/wp-includes/class-wp-hook.php on line 324
[03-May-2024 05:21:42 UTC] PHP Warning:  call_user_func_array() expects parameter 1 to be a valid callback, function 'my_setting' not found or invalid function name in /opt/lampp/htdocs/wordpress_plugin_task/wp-includes/class-wp-hook.php on line 324
[03-May-2024 05:21:46 UTC] PHP Warning:  call_user_func_array() expects parameter 1 to be a valid callback, function 'my_setting' not found or invalid function name in /opt/lampp/htdocs/wordpress_plugin_task/wp-includes/class-wp-hook.php on line 324
[03-May-2024 05:23:06 UTC] PHP Warning:  call_user_func_array() expects parameter 1 to be a valid callback, function 'my_setting' not found or invalid function name in /opt/lampp/htdocs/wordpress_plugin_task/wp-includes/class-wp-hook.php on line 324
[03-May-2024 05:23:08 UTC] PHP Warning:  call_user_func_array() expects parameter 1 to be a valid callback, function 'my_setting' not found or invalid function name in /opt/lampp/htdocs/wordpress_plugin_task/wp-includes/class-wp-hook.php on line 324
[03-May-2024 05:33:05 UTC] PHP Notice:  Undefined index: custom_data in /opt/lampp/htdocs/wordpress_plugin_task/wp-content/plugins/my-plugin/my-plugin.php on line 71
[03-May-2024 05:34:38 UTC] PHP Notice:  Undefined index: custom_data in /opt/lampp/htdocs/wordpress_plugin_task/wp-content/plugins/my-plugin/my-plugin.php on line 71
[03-May-2024 09:28:18 UTC] PHP Notice:  Function do_shortcode_tag was called incorrectly. Attempting to parse a shortcode without a valid callback: display_custom_data Please see <a>Debugging in WordPress</a> for more information. (This message was added in version 4.3.0.) in /opt/lampp/htdocs/wordpress_plugin_task/wp-includes/functions.php on line 6078
[07-May-2024 08:31:21 UTC] PHP Warning:  mysqli_real_connect(): (HY000/2002): No such file or directory in /opt/lampp/htdocs/wordpress_plugin_task/wp-includes/class-wpdb.php on line 1987
[07-May-2024 08:32:56 UTC] PHP Warning:  mysqli_real_connect(): (HY000/2002): No such file or directory in /opt/lampp/htdocs/wordpress_plugin_task/wp-includes/class-wpdb.php on line 1987
[07-May-2024 08:35:02 UTC] PHP Warning:  mysqli_real_connect(): (HY000/2002): No such file or directory in /opt/lampp/htdocs/wordpress_plugin_task/wp-includes/class-wpdb.php on line 1987
[10-May-2024 09:52:21 UTC] PHP Notice:  Undefined index: client_name in /opt/lampp/htdocs/wordpress_plugin_task/wp-content/plugins/my-plugin/my-plugin.php on line 199
[10-May-2024 09:52:21 UTC] PHP Notice:  Undefined index: project_url in /opt/lampp/htdocs/wordpress_plugin_task/wp-content/plugins/my-plugin/my-plugin.php on line 200
[10-May-2024 09:52:26 UTC] PHP Notice:  Undefined index: client_name in /opt/lampp/htdocs/wordpress_plugin_task/wp-content/plugins/my-plugin/my-plugin.php on line 199
[10-May-2024 09:52:26 UTC] PHP Notice:  Undefined index: project_url in /opt/lampp/htdocs/wordpress_plugin_task/wp-content/plugins/my-plugin/my-plugin.php on line 200
[10-May-2024 09:52:33 UTC] PHP Notice:  Undefined index: client_name in /opt/lampp/htdocs/wordpress_plugin_task/wp-content/plugins/my-plugin/my-plugin.php on line 199
[10-May-2024 09:52:33 UTC] PHP Notice:  Undefined index: project_url in /opt/lampp/htdocs/wordpress_plugin_task/wp-content/plugins/my-plugin/my-plugin.php on line 200
[10-May-2024 09:54:23 UTC] PHP Notice:  Function map_meta_cap was called incorrectly. The post type portfolio is not registered, so it may not be reliable to check the capability edit_post against a post of that type. Please see <a>Debugging in WordPress</a> for more information. (This message was added in version 4.4.0.) in /opt/lampp/htdocs/wordpress_plugin_task/wp-includes/functions.php on line 6078
[10-May-2024 11:36:06 UTC] PHP Fatal error:  Uncaught Error: Class 'Recent_Posts_Widget' not found in /opt/lampp/htdocs/wordpress_plugin_task/wp-includes/class-wp-widget-factory.php:62
Stack trace:
#0 /opt/lampp/htdocs/wordpress_plugin_task/wp-includes/widgets.php(115): WP_Widget_Factory->register('Recent_Posts_Wi...')
#1 /opt/lampp/htdocs/wordpress_plugin_task/wp-content/plugins/my-plugin-task/my-plugin-task.php(130): register_widget('Recent_Posts_Wi...')
#2 /opt/lampp/htdocs/wordpress_plugin_task/wp-includes/class-wp-hook.php(324): register_recent_posts_widget('')
#3 /opt/lampp/htdocs/wordpress_plugin_task/wp-includes/class-wp-hook.php(348): WP_Hook->apply_filters(NULL, Array)
#4 /opt/lampp/htdocs/wordpress_plugin_task/wp-includes/plugin.php(517): WP_Hook->do_action(Array)
#5 /opt/lampp/htdocs/wordpress_plugin_task/wp-includes/widgets.php(1862): do_action('widgets_init')
#6 /opt/lampp/htdocs/wordpress_plugin_task/wp-includes/class-wp-hook.php(324): wp_widgets_init('')
#7 /opt/lampp/htdocs/wordpress_plugin_task/wp-includes/class-wp-hook.php(348): WP_Ho in /opt/lampp/htdocs/wordpress_plugin_task/wp-includes/class-wp-widget-factory.php on line 62
[10-May-2024 11:36:09 UTC] PHP Fatal error:  Uncaught Error: Class 'Recent_Posts_Widget' not found in /opt/lampp/htdocs/wordpress_plugin_task/wp-includes/class-wp-widget-factory.php:62
Stack trace:
#0 /opt/lampp/htdocs/wordpress_plugin_task/wp-includes/widgets.php(115): WP_Widget_Factory->register('Recent_Posts_Wi...')
#1 /opt/lampp/htdocs/wordpress_plugin_task/wp-content/plugins/my-plugin-task/my-plugin-task.php(130): register_widget('Recent_Posts_Wi...')
#2 /opt/lampp/htdocs/wordpress_plugin_task/wp-includes/class-wp-hook.php(324): register_recent_posts_widget('')
#3 /opt/lampp/htdocs/wordpress_plugin_task/wp-includes/class-wp-hook.php(348): WP_Hook->apply_filters(NULL, Array)
#4 /opt/lampp/htdocs/wordpress_plugin_task/wp-includes/plugin.php(517): WP_Hook->do_action(Array)
#5 /opt/lampp/htdocs/wordpress_plugin_task/wp-includes/widgets.php(1862): do_action('widgets_init')
#6 /opt/lampp/htdocs/wordpress_plugin_task/wp-includes/class-wp-hook.php(324): wp_widgets_init('')
#7 /opt/lampp/htdocs/wordpress_plugin_task/wp-includes/class-wp-hook.php(348): WP_Ho in /opt/lampp/htdocs/wordpress_plugin_task/wp-includes/class-wp-widget-factory.php on line 62
[10-May-2024 11:36:11 UTC] PHP Fatal error:  Uncaught Error: Class 'Recent_Posts_Widget' not found in /opt/lampp/htdocs/wordpress_plugin_task/wp-includes/class-wp-widget-factory.php:62
Stack trace:
#0 /opt/lampp/htdocs/wordpress_plugin_task/wp-includes/widgets.php(115): WP_Widget_Factory->register('Recent_Posts_Wi...')
#1 /opt/lampp/htdocs/wordpress_plugin_task/wp-content/plugins/my-plugin-task/my-plugin-task.php(130): register_widget('Recent_Posts_Wi...')
#2 /opt/lampp/htdocs/wordpress_plugin_task/wp-includes/class-wp-hook.php(324): register_recent_posts_widget('')
#3 /opt/lampp/htdocs/wordpress_plugin_task/wp-includes/class-wp-hook.php(348): WP_Hook->apply_filters(NULL, Array)
#4 /opt/lampp/htdocs/wordpress_plugin_task/wp-includes/plugin.php(517): WP_Hook->do_action(Array)
#5 /opt/lampp/htdocs/wordpress_plugin_task/wp-includes/widgets.php(1862): do_action('widgets_init')
#6 /opt/lampp/htdocs/wordpress_plugin_task/wp-includes/class-wp-hook.php(324): wp_widgets_init('')
#7 /opt/lampp/htdocs/wordpress_plugin_task/wp-includes/class-wp-hook.php(348): WP_Ho in /opt/lampp/htdocs/wordpress_plugin_task/wp-includes/class-wp-widget-factory.php on line 62
[10-May-2024 11:36:11 UTC] PHP Fatal error:  Uncaught Error: Class 'Recent_Posts_Widget' not found in /opt/lampp/htdocs/wordpress_plugin_task/wp-includes/class-wp-widget-factory.php:62
Stack trace:
#0 /opt/lampp/htdocs/wordpress_plugin_task/wp-includes/widgets.php(115): WP_Widget_Factory->register('Recent_Posts_Wi...')
#1 /opt/lampp/htdocs/wordpress_plugin_task/wp-content/plugins/my-plugin-task/my-plugin-task.php(130): register_widget('Recent_Posts_Wi...')
#2 /opt/lampp/htdocs/wordpress_plugin_task/wp-includes/class-wp-hook.php(324): register_recent_posts_widget('')
#3 /opt/lampp/htdocs/wordpress_plugin_task/wp-includes/class-wp-hook.php(348): WP_Hook->apply_filters(NULL, Array)
#4 /opt/lampp/htdocs/wordpress_plugin_task/wp-includes/plugin.php(517): WP_Hook->do_action(Array)
#5 /opt/lampp/htdocs/wordpress_plugin_task/wp-includes/widgets.php(1862): do_action('widgets_init')
#6 /opt/lampp/htdocs/wordpress_plugin_task/wp-includes/class-wp-hook.php(324): wp_widgets_init('')
#7 /opt/lampp/htdocs/wordpress_plugin_task/wp-includes/class-wp-hook.php(348): WP_Ho in /opt/lampp/htdocs/wordpress_plugin_task/wp-includes/class-wp-widget-factory.php on line 62
[10-May-2024 11:36:14 UTC] PHP Fatal error:  Uncaught Error: Class 'Recent_Posts_Widget' not found in /opt/lampp/htdocs/wordpress_plugin_task/wp-includes/class-wp-widget-factory.php:62
Stack trace:
#0 /opt/lampp/htdocs/wordpress_plugin_task/wp-includes/widgets.php(115): WP_Widget_Factory->register('Recent_Posts_Wi...')
#1 /opt/lampp/htdocs/wordpress_plugin_task/wp-content/plugins/my-plugin-task/my-plugin-task.php(130): register_widget('Recent_Posts_Wi...')
#2 /opt/lampp/htdocs/wordpress_plugin_task/wp-includes/class-wp-hook.php(324): register_recent_posts_widget('')
#3 /opt/lampp/htdocs/wordpress_plugin_task/wp-includes/class-wp-hook.php(348): WP_Hook->apply_filters(NULL, Array)
#4 /opt/lampp/htdocs/wordpress_plugin_task/wp-includes/plugin.php(517): WP_Hook->do_action(Array)
#5 /opt/lampp/htdocs/wordpress_plugin_task/wp-includes/widgets.php(1862): do_action('widgets_init')
#6 /opt/lampp/htdocs/wordpress_plugin_task/wp-includes/class-wp-hook.php(324): wp_widgets_init('')
#7 /opt/lampp/htdocs/wordpress_plugin_task/wp-includes/class-wp-hook.php(348): WP_Ho in /opt/lampp/htdocs/wordpress_plugin_task/wp-includes/class-wp-widget-factory.php on line 62
[10-May-2024 11:36:18 UTC] PHP Fatal error:  Uncaught Error: Class 'Recent_Posts_Widget' not found in /opt/lampp/htdocs/wordpress_plugin_task/wp-includes/class-wp-widget-factory.php:62
Stack trace:
#0 /opt/lampp/htdocs/wordpress_plugin_task/wp-includes/widgets.php(115): WP_Widget_Factory->register('Recent_Posts_Wi...')
#1 /opt/lampp/htdocs/wordpress_plugin_task/wp-content/plugins/my-plugin-task/my-plugin-task.php(130): register_widget('Recent_Posts_Wi...')
#2 /opt/lampp/htdocs/wordpress_plugin_task/wp-includes/class-wp-hook.php(324): register_recent_posts_widget('')
#3 /opt/lampp/htdocs/wordpress_plugin_task/wp-includes/class-wp-hook.php(348): WP_Hook->apply_filters(NULL, Array)
#4 /opt/lampp/htdocs/wordpress_plugin_task/wp-includes/plugin.php(517): WP_Hook->do_action(Array)
#5 /opt/lampp/htdocs/wordpress_plugin_task/wp-includes/widgets.php(1862): do_action('widgets_init')
#6 /opt/lampp/htdocs/wordpress_plugin_task/wp-includes/class-wp-hook.php(324): wp_widgets_init('')
#7 /opt/lampp/htdocs/wordpress_plugin_task/wp-includes/class-wp-hook.php(348): WP_Ho in /opt/lampp/htdocs/wordpress_plugin_task/wp-includes/class-wp-widget-factory.php on line 62
[10-May-2024 11:36:23 UTC] PHP Fatal error:  Uncaught Error: Class 'Recent_Posts_Widget' not found in /opt/lampp/htdocs/wordpress_plugin_task/wp-includes/class-wp-widget-factory.php:62
Stack trace:
#0 /opt/lampp/htdocs/wordpress_plugin_task/wp-includes/widgets.php(115): WP_Widget_Factory->register('Recent_Posts_Wi...')
#1 /opt/lampp/htdocs/wordpress_plugin_task/wp-content/plugins/my-plugin-task/my-plugin-task.php(130): register_widget('Recent_Posts_Wi...')
#2 /opt/lampp/htdocs/wordpress_plugin_task/wp-includes/class-wp-hook.php(324): register_recent_posts_widget('')
#3 /opt/lampp/htdocs/wordpress_plugin_task/wp-includes/class-wp-hook.php(348): WP_Hook->apply_filters(NULL, Array)
#4 /opt/lampp/htdocs/wordpress_plugin_task/wp-includes/plugin.php(517): WP_Hook->do_action(Array)
#5 /opt/lampp/htdocs/wordpress_plugin_task/wp-includes/widgets.php(1862): do_action('widgets_init')
#6 /opt/lampp/htdocs/wordpress_plugin_task/wp-includes/class-wp-hook.php(324): wp_widgets_init('')
#7 /opt/lampp/htdocs/wordpress_plugin_task/wp-includes/class-wp-hook.php(348): WP_Ho in /opt/lampp/htdocs/wordpress_plugin_task/wp-includes/class-wp-widget-factory.php on line 62
[10-May-2024 11:36:23 UTC] PHP Fatal error:  Uncaught Error: Class 'Recent_Posts_Widget' not found in /opt/lampp/htdocs/wordpress_plugin_task/wp-includes/class-wp-widget-factory.php:62
Stack trace:
#0 /opt/lampp/htdocs/wordpress_plugin_task/wp-includes/widgets.php(115): WP_Widget_Factory->register('Recent_Posts_Wi...')
#1 /opt/lampp/htdocs/wordpress_plugin_task/wp-content/plugins/my-plugin-task/my-plugin-task.php(130): register_widget('Recent_Posts_Wi...')
#2 /opt/lampp/htdocs/wordpress_plugin_task/wp-includes/class-wp-hook.php(324): register_recent_posts_widget('')
#3 /opt/lampp/htdocs/wordpress_plugin_task/wp-includes/class-wp-hook.php(348): WP_Hook->apply_filters(NULL, Array)
#4 /opt/lampp/htdocs/wordpress_plugin_task/wp-includes/plugin.php(517): WP_Hook->do_action(Array)
#5 /opt/lampp/htdocs/wordpress_plugin_task/wp-includes/widgets.php(1862): do_action('widgets_init')
#6 /opt/lampp/htdocs/wordpress_plugin_task/wp-includes/class-wp-hook.php(324): wp_widgets_init('')
#7 /opt/lampp/htdocs/wordpress_plugin_task/wp-includes/class-wp-hook.php(348): WP_Ho in /opt/lampp/htdocs/wordpress_plugin_task/wp-includes/class-wp-widget-factory.php on line 62
[10-May-2024 12:00:45 UTC] PHP Fatal error:  Uncaught Error: Class 'Recent_Posts_Widget' not found in /opt/lampp/htdocs/wordpress_plugin_task/wp-includes/class-wp-widget-factory.php:62
Stack trace:
#0 /opt/lampp/htdocs/wordpress_plugin_task/wp-includes/widgets.php(115): WP_Widget_Factory->register('Recent_Posts_Wi...')
#1 /opt/lampp/htdocs/wordpress_plugin_task/wp-content/plugins/my-plugin-task/my-plugin-task.php(129): register_widget('Recent_Posts_Wi...')
#2 /opt/lampp/htdocs/wordpress_plugin_task/wp-includes/class-wp-hook.php(324): {closure}('')
#3 /opt/lampp/htdocs/wordpress_plugin_task/wp-includes/class-wp-hook.php(348): WP_Hook->apply_filters(NULL, Array)
#4 /opt/lampp/htdocs/wordpress_plugin_task/wp-includes/plugin.php(517): WP_Hook->do_action(Array)
#5 /opt/lampp/htdocs/wordpress_plugin_task/wp-includes/widgets.php(1862): do_action('widgets_init')
#6 /opt/lampp/htdocs/wordpress_plugin_task/wp-includes/class-wp-hook.php(324): wp_widgets_init('')
#7 /opt/lampp/htdocs/wordpress_plugin_task/wp-includes/class-wp-hook.php(348): WP_Hook->apply_filters(N in /opt/lampp/htdocs/wordpress_plugin_task/wp-includes/class-wp-widget-factory.php on line 62
[10-May-2024 12:00:51 UTC] PHP Fatal error:  Uncaught Error: Class 'Recent_Posts_Widget' not found in /opt/lampp/htdocs/wordpress_plugin_task/wp-includes/class-wp-widget-factory.php:62
Stack trace:
#0 /opt/lampp/htdocs/wordpress_plugin_task/wp-includes/widgets.php(115): WP_Widget_Factory->register('Recent_Posts_Wi...')
#1 /opt/lampp/htdocs/wordpress_plugin_task/wp-content/plugins/my-plugin-task/my-plugin-task.php(129): register_widget('Recent_Posts_Wi...')
#2 /opt/lampp/htdocs/wordpress_plugin_task/wp-includes/class-wp-hook.php(324): {closure}('')
#3 /opt/lampp/htdocs/wordpress_plugin_task/wp-includes/class-wp-hook.php(348): WP_Hook->apply_filters(NULL, Array)
#4 /opt/lampp/htdocs/wordpress_plugin_task/wp-includes/plugin.php(517): WP_Hook->do_action(Array)
#5 /opt/lampp/htdocs/wordpress_plugin_task/wp-includes/widgets.php(1862): do_action('widgets_init')
#6 /opt/lampp/htdocs/wordpress_plugin_task/wp-includes/class-wp-hook.php(324): wp_widgets_init('')
#7 /opt/lampp/htdocs/wordpress_plugin_task/wp-includes/class-wp-hook.php(348): WP_Hook->apply_filters(N in /opt/lampp/htdocs/wordpress_plugin_task/wp-includes/class-wp-widget-factory.php on line 62
[11-May-2024 04:26:21 UTC] PHP Fatal error:  Uncaught Error: Class 'Recent_Posts_Comments_Widget' not found in /opt/lampp/htdocs/wordpress_plugin_task/wp-includes/class-wp-widget-factory.php:62
Stack trace:
#0 /opt/lampp/htdocs/wordpress_plugin_task/wp-includes/widgets.php(115): WP_Widget_Factory->register('Recent_Posts_Co...')
#1 /opt/lampp/htdocs/wordpress_plugin_task/wp-content/themes/twentytwentyone/functions.php(663): register_widget('Recent_Posts_Co...')
#2 /opt/lampp/htdocs/wordpress_plugin_task/wp-includes/class-wp-hook.php(324): register_recent_posts_comments_widget('')
#3 /opt/lampp/htdocs/wordpress_plugin_task/wp-includes/class-wp-hook.php(348): WP_Hook->apply_filters(NULL, Array)
#4 /opt/lampp/htdocs/wordpress_plugin_task/wp-includes/plugin.php(517): WP_Hook->do_action(Array)
#5 /opt/lampp/htdocs/wordpress_plugin_task/wp-includes/widgets.php(1862): do_action('widgets_init')
#6 /opt/lampp/htdocs/wordpress_plugin_task/wp-includes/class-wp-hook.php(324): wp_widgets_init('')
#7 /opt/lampp/htdocs/wordpress_plugin_task/wp-includes/class-wp-hook.ph in /opt/lampp/htdocs/wordpress_plugin_task/wp-includes/class-wp-widget-factory.php on line 62
[11-May-2024 04:26:22 UTC] PHP Fatal error:  Uncaught Error: Class 'Recent_Posts_Comments_Widget' not found in /opt/lampp/htdocs/wordpress_plugin_task/wp-includes/class-wp-widget-factory.php:62
Stack trace:
#0 /opt/lampp/htdocs/wordpress_plugin_task/wp-includes/widgets.php(115): WP_Widget_Factory->register('Recent_Posts_Co...')
#1 /opt/lampp/htdocs/wordpress_plugin_task/wp-content/themes/twentytwentyone/functions.php(663): register_widget('Recent_Posts_Co...')
#2 /opt/lampp/htdocs/wordpress_plugin_task/wp-includes/class-wp-hook.php(324): register_recent_posts_comments_widget('')
#3 /opt/lampp/htdocs/wordpress_plugin_task/wp-includes/class-wp-hook.php(348): WP_Hook->apply_filters(NULL, Array)
#4 /opt/lampp/htdocs/wordpress_plugin_task/wp-includes/plugin.php(517): WP_Hook->do_action(Array)
#5 /opt/lampp/htdocs/wordpress_plugin_task/wp-includes/widgets.php(1862): do_action('widgets_init')
#6 /opt/lampp/htdocs/wordpress_plugin_task/wp-includes/class-wp-hook.php(324): wp_widgets_init('')
#7 /opt/lampp/htdocs/wordpress_plugin_task/wp-includes/class-wp-hook.ph in /opt/lampp/htdocs/wordpress_plugin_task/wp-includes/class-wp-widget-factory.php on line 62
[11-May-2024 04:26:49 UTC] PHP Fatal error:  Uncaught Error: Class 'Recent_Posts_Comments_Widget' not found in /opt/lampp/htdocs/wordpress_plugin_task/wp-includes/class-wp-widget-factory.php:62
Stack trace:
#0 /opt/lampp/htdocs/wordpress_plugin_task/wp-includes/widgets.php(115): WP_Widget_Factory->register('Recent_Posts_Co...')
#1 /opt/lampp/htdocs/wordpress_plugin_task/wp-content/themes/twentytwentyone/functions.php(663): register_widget('Recent_Posts_Co...')
#2 /opt/lampp/htdocs/wordpress_plugin_task/wp-includes/class-wp-hook.php(324): register_recent_posts_comments_widget('')
#3 /opt/lampp/htdocs/wordpress_plugin_task/wp-includes/class-wp-hook.php(348): WP_Hook->apply_filters(NULL, Array)
#4 /opt/lampp/htdocs/wordpress_plugin_task/wp-includes/plugin.php(517): WP_Hook->do_action(Array)
#5 /opt/lampp/htdocs/wordpress_plugin_task/wp-includes/widgets.php(1862): do_action('widgets_init')
#6 /opt/lampp/htdocs/wordpress_plugin_task/wp-includes/class-wp-hook.php(324): wp_widgets_init('')
#7 /opt/lampp/htdocs/wordpress_plugin_task/wp-includes/class-wp-hook.ph in /opt/lampp/htdocs/wordpress_plugin_task/wp-includes/class-wp-widget-factory.php on line 62
[11-May-2024 04:26:50 UTC] PHP Fatal error:  Uncaught Error: Class 'Recent_Posts_Comments_Widget' not found in /opt/lampp/htdocs/wordpress_plugin_task/wp-includes/class-wp-widget-factory.php:62
Stack trace:
#0 /opt/lampp/htdocs/wordpress_plugin_task/wp-includes/widgets.php(115): WP_Widget_Factory->register('Recent_Posts_Co...')
#1 /opt/lampp/htdocs/wordpress_plugin_task/wp-content/themes/twentytwentyone/functions.php(663): register_widget('Recent_Posts_Co...')
#2 /opt/lampp/htdocs/wordpress_plugin_task/wp-includes/class-wp-hook.php(324): register_recent_posts_comments_widget('')
#3 /opt/lampp/htdocs/wordpress_plugin_task/wp-includes/class-wp-hook.php(348): WP_Hook->apply_filters(NULL, Array)
#4 /opt/lampp/htdocs/wordpress_plugin_task/wp-includes/plugin.php(517): WP_Hook->do_action(Array)
#5 /opt/lampp/htdocs/wordpress_plugin_task/wp-includes/widgets.php(1862): do_action('widgets_init')
#6 /opt/lampp/htdocs/wordpress_plugin_task/wp-includes/class-wp-hook.php(324): wp_widgets_init('')
#7 /opt/lampp/htdocs/wordpress_plugin_task/wp-includes/class-wp-hook.ph in /opt/lampp/htdocs/wordpress_plugin_task/wp-includes/class-wp-widget-factory.php on line 62
[11-May-2024 04:26:51 UTC] PHP Fatal error:  Uncaught Error: Class 'Recent_Posts_Comments_Widget' not found in /opt/lampp/htdocs/wordpress_plugin_task/wp-includes/class-wp-widget-factory.php:62
Stack trace:
#0 /opt/lampp/htdocs/wordpress_plugin_task/wp-includes/widgets.php(115): WP_Widget_Factory->register('Recent_Posts_Co...')
#1 /opt/lampp/htdocs/wordpress_plugin_task/wp-content/themes/twentytwentyone/functions.php(663): register_widget('Recent_Posts_Co...')
#2 /opt/lampp/htdocs/wordpress_plugin_task/wp-includes/class-wp-hook.php(324): register_recent_posts_comments_widget('')
#3 /opt/lampp/htdocs/wordpress_plugin_task/wp-includes/class-wp-hook.php(348): WP_Hook->apply_filters(NULL, Array)
#4 /opt/lampp/htdocs/wordpress_plugin_task/wp-includes/plugin.php(517): WP_Hook->do_action(Array)
#5 /opt/lampp/htdocs/wordpress_plugin_task/wp-includes/widgets.php(1862): do_action('widgets_init')
#6 /opt/lampp/htdocs/wordpress_plugin_task/wp-includes/class-wp-hook.php(324): wp_widgets_init('')
#7 /opt/lampp/htdocs/wordpress_plugin_task/wp-includes/class-wp-hook.ph in /opt/lampp/htdocs/wordpress_plugin_task/wp-includes/class-wp-widget-factory.php on line 62
[11-May-2024 04:26:54 UTC] PHP Fatal error:  Uncaught Error: Class 'Recent_Posts_Comments_Widget' not found in /opt/lampp/htdocs/wordpress_plugin_task/wp-includes/class-wp-widget-factory.php:62
Stack trace:
#0 /opt/lampp/htdocs/wordpress_plugin_task/wp-includes/widgets.php(115): WP_Widget_Factory->register('Recent_Posts_Co...')
#1 /opt/lampp/htdocs/wordpress_plugin_task/wp-content/themes/twentytwentyone/functions.php(663): register_widget('Recent_Posts_Co...')
#2 /opt/lampp/htdocs/wordpress_plugin_task/wp-includes/class-wp-hook.php(324): register_recent_posts_comments_widget('')
#3 /opt/lampp/htdocs/wordpress_plugin_task/wp-includes/class-wp-hook.php(348): WP_Hook->apply_filters(NULL, Array)
#4 /opt/lampp/htdocs/wordpress_plugin_task/wp-includes/plugin.php(517): WP_Hook->do_action(Array)
#5 /opt/lampp/htdocs/wordpress_plugin_task/wp-includes/widgets.php(1862): do_action('widgets_init')
#6 /opt/lampp/htdocs/wordpress_plugin_task/wp-includes/class-wp-hook.php(324): wp_widgets_init('')
#7 /opt/lampp/htdocs/wordpress_plugin_task/wp-includes/class-wp-hook.ph in /opt/lampp/htdocs/wordpress_plugin_task/wp-includes/class-wp-widget-factory.php on line 62
